CRITICAL - 2025-10-28 13:30:29 --> CodeIgniter\View\Exceptions\ViewException: Invalid file: "welcome_message2.php"
[Method: GET, Route: /]
in SYSTEMPATH\Exceptions\FrameworkException.php on line 39.
 1 SYSTEMPATH\View\View.php(214): CodeIgniter\Exceptions\FrameworkException::forInvalidFile('welcome_message2.php')
 2 SYSTEMPATH\Common.php(1167): CodeIgniter\View\View->render('welcome_message2', [], true)
 3 APPPATH\Controllers\MainPage.php(9): view('welcome_message2')
 4 SYSTEMPATH\CodeIgniter.php(933): App\Controllers\MainPage->index2()
 5 SYSTEMPATH\CodeIgniter.php(507): CodeIgniter\CodeIgniter->runController(Object(App\Controllers\MainPage))
 6 SYSTEMPATH\CodeIgniter.php(354): CodeIgniter\CodeIgniter->handleRequest(null, Object(Config\Cache), false)
 7 SYSTEMPATH\Boot.php(363): CodeIgniter\CodeIgniter->run()
 8 SYSTEMPATH\Boot.php(68): CodeIgniter\Boot::runCodeIgniter(Object(CodeIgniter\CodeIgniter))
 9 FCPATH\index.php(59): CodeIgniter\Boot::bootWeb(Object(Config\Paths))
CRITICAL - 2025-10-28 13:31:53 --> CodeIgniter\View\Exceptions\ViewException: Invalid file: "welcome_message2.php"
[Method: GET, Route: /]
in SYSTEMPATH\Exceptions\FrameworkException.php on line 39.
 1 SYSTEMPATH\View\View.php(214): CodeIgniter\Exceptions\FrameworkException::forInvalidFile('welcome_message2.php')
 2 SYSTEMPATH\Common.php(1167): CodeIgniter\View\View->render('welcome_message2', [], true)
 3 APPPATH\Controllers\Home2.php(9): view('welcome_message2')
 4 SYSTEMPATH\CodeIgniter.php(933): App\Controllers\Home2->index2()
 5 SYSTEMPATH\CodeIgniter.php(507): CodeIgniter\CodeIgniter->runController(Object(App\Controllers\Home2))
 6 SYSTEMPATH\CodeIgniter.php(354): CodeIgniter\CodeIgniter->handleRequest(null, Object(Config\Cache), false)
 7 SYSTEMPATH\Boot.php(363): CodeIgniter\CodeIgniter->run()
 8 SYSTEMPATH\Boot.php(68): CodeIgniter\Boot::runCodeIgniter(Object(CodeIgniter\CodeIgniter))
 9 FCPATH\index.php(59): CodeIgniter\Boot::bootWeb(Object(Config\Paths))
CRITICAL - 2025-10-28 13:31:54 --> CodeIgniter\View\Exceptions\ViewException: Invalid file: "welcome_message2.php"
[Method: GET, Route: /]
in SYSTEMPATH\Exceptions\FrameworkException.php on line 39.
 1 SYSTEMPATH\View\View.php(214): CodeIgniter\Exceptions\FrameworkException::forInvalidFile('welcome_message2.php')
 2 SYSTEMPATH\Common.php(1167): CodeIgniter\View\View->render('welcome_message2', [], true)
 3 APPPATH\Controllers\Home2.php(9): view('welcome_message2')
 4 SYSTEMPATH\CodeIgniter.php(933): App\Controllers\Home2->index2()
 5 SYSTEMPATH\CodeIgniter.php(507): CodeIgniter\CodeIgniter->runController(Object(App\Controllers\Home2))
 6 SYSTEMPATH\CodeIgniter.php(354): CodeIgniter\CodeIgniter->handleRequest(null, Object(Config\Cache), false)
 7 SYSTEMPATH\Boot.php(363): CodeIgniter\CodeIgniter->run()
 8 SYSTEMPATH\Boot.php(68): CodeIgniter\Boot::runCodeIgniter(Object(CodeIgniter\CodeIgniter))
 9 FCPATH\index.php(59): CodeIgniter\Boot::bootWeb(Object(Config\Paths))
